Using pre-set license
Built from '2020.3/staging' branch; Version is '2020.3.0f1 (c7b5465681fb) revision 13088070'; Using compiler version '192528614'; Build Type 'Release'
OS: 'Windows 10 Pro; OS build 19041.804; Version 2004; 64bit' Language: 'en' Physical Memory: 8058 MB
BatchMode: 1, IsHumanControllingUs: 0, StartBugReporterOnCrash: 0, Is64bit: 1, IsPro: 0

 COMMAND LINE ARGUMENTS:
C:\Program Files\Unity\Hub\Editor\2020.3.0f1\Editor\Unity.exe
-adb2
-batchMode
-noUpm
-name
AssetImportWorker0
-projectPath
C:/Users/Melany/Downloads/GameDev-Project2-master
-logFile
Logs/AssetImportWorker0.log
-srvPort
63202
Successfully changed project path to: C:/Users/Melany/Downloads/GameDev-Project2-master
C:/Users/Melany/Downloads/GameDev-Project2-master
Using Asset Import Pipeline V2.
Refreshing native plugins compatible for Editor in 53.68 ms, found 0 plugins.
Preloading 0 native plugins for Editor in 0.00 ms.
Initialize engine version: 2020.3.0f1 (c7b5465681fb)
[Subsystems] Discovering subsystems at path C:/Program Files/Unity/Hub/Editor/2020.3.0f1/Editor/Data/Resources/UnitySubsystems
[Subsystems] Discovering subsystems at path C:/Users/Melany/Downloads/GameDev-Project2-master/Assets
GfxDevice: creating device client; threaded=0
Direct3D:
    Version:  Direct3D 11.0 [level 11.1]
    Renderer: Intel(R) UHD Graphics 620 (ID=0x5917)
    Vendor:   
    VRAM:     4029 MB
    Driver:   23.20.16.4973
Initialize mono
Mono path[0] = 'C:/Program Files/Unity/Hub/Editor/2020.3.0f1/Editor/Data/Managed'
Mono path[1] = 'C:/Program Files/Unity/Hub/Editor/2020.3.0f1/Editor/Data/MonoBleedingEdge/lib/mono/unityjit'
Mono config path = 'C:/Program Files/Unity/Hub/Editor/2020.3.0f1/Editor/Data/MonoBleedingEdge/etc'
Using monoOptions --debugger-agent=transport=dt_socket,embedding=1,server=y,suspend=n,address=127.0.0.1:56372
Begin MonoManager ReloadAssembly
Registering precompiled unity dll's ...
Register platform support module: C:/Program Files/Unity/Hub/Editor/2020.3.0f1/Editor/Data/PlaybackEngines/WindowsStandaloneSupport/UnityEditor.WindowsStandalone.Extensions.dll
Registered in 0.005618 seconds.
Native extension for WindowsStandalone target not found
Refreshing native plugins compatible for Editor in 81.38 ms, found 0 plugins.
Preloading 0 native plugins for Editor in 0.00 ms.
Invoked RoslynAnalysisRunner static constructor.
RoslynAnalysisRunner will not be running.
RoslynAnalysisRunner has terminated.
Mono: successfully reloaded assembly
- Completed reload, in  4.001 seconds
Platform modules already initialized, skipping
Registering precompiled user dll's ...
Registered in 0.003177 seconds.
Begin MonoManager ReloadAssembly
Native extension for WindowsStandalone target not found
Refreshing native plugins compatible for Editor in 0.32 ms, found 0 plugins.
Preloading 0 native plugins for Editor in 0.00 ms.
Invoked RoslynAnalysisRunner static constructor.
RoslynAnalysisRunner will not be running.
RoslynAnalysisRunner has terminated.
Mono: successfully reloaded assembly
- Completed reload, in  1.700 seconds
Platform modules already initialized, skipping
========================================================================
Worker process is ready to serve import requests
Launched and connected shader compiler UnityShaderCompiler.exe after 0.08 seconds
Refreshing native plugins compatible for Editor in 0.76 ms, found 0 plugins.
Preloading 0 native plugins for Editor in 0.00 ms.
Unloading 1118 Unused Serialized files (Serialized files now loaded: 0)
System memory in use before: 70.0 MB.
System memory in use after: 70.1 MB.

Unloading 9 unused Assets to reduce memory usage. Loaded Objects now: 1581.
Total: 8.015900 ms (FindLiveObjects: 0.258500 ms CreateObjectMapping: 0.081800 ms MarkObjects: 7.129700 ms  DeleteObjects: 0.542900 ms)

========================================================================
Received Import Request.
  path: Assets/New Terrain 3.asset
  artifactKey: Guid(79bc2cbb41259654899c480520ef406a) Importer(815301076,1909f56bfc062723c751e8b465ee728b)
Start importing Assets/New Terrain 3.asset using Guid(79bc2cbb41259654899c480520ef406a) Importer(815301076,1909f56bfc062723c751e8b465ee728b)  -> (artifact id: '3806e6f05cba9cd1c70b0821e830827c') in 0.136082 seconds
  Import took 0.140924 seconds .

========================================================================
Received Import Request.
  Time since last request: 0.000905 seconds.
  path: Assets/New Terrain 1.asset
  artifactKey: Guid(100c023263ed1b2469856cfc4cfa89c0) Importer(815301076,1909f56bfc062723c751e8b465ee728b)
Start importing Assets/New Terrain 1.asset using Guid(100c023263ed1b2469856cfc4cfa89c0) Importer(815301076,1909f56bfc062723c751e8b465ee728b)  -> (artifact id: 'f7accb9c9948b9500bf5ffc0bf9cf286') in 0.055530 seconds
  Import took 0.061345 seconds .

========================================================================
Received Import Request.
  Time since last request: 0.000460 seconds.
  path: Assets/New Terrain.asset
  artifactKey: Guid(a33c202d07d4c694e972d652216a1e6f) Importer(815301076,1909f56bfc062723c751e8b465ee728b)
Start importing Assets/New Terrain.asset using Guid(a33c202d07d4c694e972d652216a1e6f) Importer(815301076,1909f56bfc062723c751e8b465ee728b)  -> (artifact id: '47e770edcead27cd6219109acd1d372c') in 0.047012 seconds
  Import took 0.052050 seconds .

========================================================================
Received Import Request.
  Time since last request: 0.000293 seconds.
  path: Assets/TerrainData_e0ef0423-a0bf-4d8e-985a-4e7cd039d8fb.asset
  artifactKey: Guid(03e6aa62119c82049ad0ecaa0af25b93) Importer(815301076,1909f56bfc062723c751e8b465ee728b)
Start importing Assets/TerrainData_e0ef0423-a0bf-4d8e-985a-4e7cd039d8fb.asset using Guid(03e6aa62119c82049ad0ecaa0af25b93) Importer(815301076,1909f56bfc062723c751e8b465ee728b)  -> (artifact id: '335a072b91018fee60b4471221f6a4c3') in 0.039126 seconds
  Import took 0.044651 seconds .

========================================================================
Received Import Request.
  Time since last request: 0.000907 seconds.
  path: Assets/New Terrain 2.asset
  artifactKey: Guid(a05bd17d08e436b4ca7f0ed185bd3a14) Importer(815301076,1909f56bfc062723c751e8b465ee728b)
Start importing Assets/New Terrain 2.asset using Guid(a05bd17d08e436b4ca7f0ed185bd3a14) Importer(815301076,1909f56bfc062723c751e8b465ee728b)  -> (artifact id: '1309f6d083c3600e6a381d0e9e335e9d') in 0.048260 seconds
  Import took 0.053645 seconds .

========================================================================
Received Import Request.
  Time since last request: 0.000315 seconds.
  path: Assets/TerrainData_e0ef0423-a0bf-4d8e-985a-4e7cd039d8fb.asset
  artifactKey: Guid(03e6aa62119c82049ad0ecaa0af25b93) Importer(815301076,1909f56bfc062723c751e8b465ee728b)
Start importing Assets/TerrainData_e0ef0423-a0bf-4d8e-985a-4e7cd039d8fb.asset using Guid(03e6aa62119c82049ad0ecaa0af25b93) Importer(815301076,1909f56bfc062723c751e8b465ee728b)  -> (artifact id: '335a072b91018fee60b4471221f6a4c3') in 0.034629 seconds
  Import took 0.039817 seconds .

========================================================================
Received Prepare
Registering precompiled user dll's ...
Registered in 0.001935 seconds.
Begin MonoManager ReloadAssembly
Native extension for WindowsStandalone target not found
Refreshing native plugins compatible for Editor in 0.84 ms, found 0 plugins.
Preloading 0 native plugins for Editor in 0.00 ms.
Invoked RoslynAnalysisRunner static constructor.
RoslynAnalysisRunner will not be running.
RoslynAnalysisRunner has terminated.
Mono: successfully reloaded assembly
- Completed reload, in  2.909 seconds
Platform modules already initialized, skipping
Refreshing native plugins compatible for Editor in 0.38 ms, found 0 plugins.
Preloading 0 native plugins for Editor in 0.00 ms.
Unloading 1113 Unused Serialized files (Serialized files now loaded: 0)
System memory in use before: 70.0 MB.
System memory in use after: 70.1 MB.

Unloading 4 unused Assets to reduce memory usage. Loaded Objects now: 1584.
Total: 3.855400 ms (FindLiveObjects: 0.381400 ms CreateObjectMapping: 0.118200 ms MarkObjects: 3.320900 ms  DeleteObjects: 0.031800 ms)

========================================================================
Received Prepare
Registering precompiled user dll's ...
Registered in 0.007697 seconds.
Begin MonoManager ReloadAssembly
Native extension for WindowsStandalone target not found
Refreshing native plugins compatible for Editor in 2.15 ms, found 0 plugins.
Preloading 0 native plugins for Editor in 0.00 ms.
Invoked RoslynAnalysisRunner static constructor.
RoslynAnalysisRunner will not be running.
RoslynAnalysisRunner has terminated.
Mono: successfully reloaded assembly
- Completed reload, in  5.057 seconds
Platform modules already initialized, skipping
Refreshing native plugins compatible for Editor in 1.36 ms, found 0 plugins.
Preloading 0 native plugins for Editor in 0.00 ms.
Unloading 1113 Unused Serialized files (Serialized files now loaded: 0)
System memory in use before: 70.1 MB.
System memory in use after: 70.2 MB.

Unloading 4 unused Assets to reduce memory usage. Loaded Objects now: 1587.
Total: 10.423100 ms (FindLiveObjects: 1.819400 ms CreateObjectMapping: 0.447500 ms MarkObjects: 7.944600 ms  DeleteObjects: 0.200700 ms)

========================================================================
Received Prepare
Registering precompiled user dll's ...
Registered in 0.001734 seconds.
Begin MonoManager ReloadAssembly
Native extension for WindowsStandalone target not found
Refreshing native plugins compatible for Editor in 0.38 ms, found 0 plugins.
Preloading 0 native plugins for Editor in 0.00 ms.
Invoked RoslynAnalysisRunner static constructor.
RoslynAnalysisRunner will not be running.
RoslynAnalysisRunner has terminated.
Mono: successfully reloaded assembly
- Completed reload, in  2.995 seconds
Platform modules already initialized, skipping
Refreshing native plugins compatible for Editor in 0.48 ms, found 0 plugins.
Preloading 0 native plugins for Editor in 0.00 ms.
Unloading 1113 Unused Serialized files (Serialized files now loaded: 0)
System memory in use before: 70.1 MB.
System memory in use after: 70.2 MB.

Unloading 4 unused Assets to reduce memory usage. Loaded Objects now: 1590.
Total: 5.167900 ms (FindLiveObjects: 0.549800 ms CreateObjectMapping: 0.240400 ms MarkObjects: 4.339300 ms  DeleteObjects: 0.032500 ms)

========================================================================
Received Prepare
Registering precompiled user dll's ...
Registered in 0.001111 seconds.
Begin MonoManager ReloadAssembly
Native extension for WindowsStandalone target not found
Refreshing native plugins compatible for Editor in 0.42 ms, found 0 plugins.
Preloading 0 native plugins for Editor in 0.00 ms.
Invoked RoslynAnalysisRunner static constructor.
RoslynAnalysisRunner will not be running.
RoslynAnalysisRunner has terminated.
Mono: successfully reloaded assembly
- Completed reload, in  1.772 seconds
Platform modules already initialized, skipping
Refreshing native plugins compatible for Editor in 0.28 ms, found 0 plugins.
Preloading 0 native plugins for Editor in 0.00 ms.
Unloading 1113 Unused Serialized files (Serialized files now loaded: 0)
System memory in use before: 70.1 MB.
System memory in use after: 70.2 MB.

Unloading 4 unused Assets to reduce memory usage. Loaded Objects now: 1593.
Total: 2.061300 ms (FindLiveObjects: 0.179700 ms CreateObjectMapping: 0.048700 ms MarkObjects: 1.812000 ms  DeleteObjects: 0.018800 ms)

========================================================================
Received Prepare
Registering precompiled user dll's ...
Registered in 0.003203 seconds.
Begin MonoManager ReloadAssembly
Native extension for WindowsStandalone target not found
Refreshing native plugins compatible for Editor in 0.53 ms, found 0 plugins.
Preloading 0 native plugins for Editor in 0.00 ms.
Invoked RoslynAnalysisRunner static constructor.
RoslynAnalysisRunner will not be running.
RoslynAnalysisRunner has terminated.
Mono: successfully reloaded assembly
- Completed reload, in  6.006 seconds
Platform modules already initialized, skipping
Refreshing native plugins compatible for Editor in 1.23 ms, found 0 plugins.
Preloading 0 native plugins for Editor in 0.00 ms.
Unloading 1113 Unused Serialized files (Serialized files now loaded: 0)
System memory in use before: 70.1 MB.
System memory in use after: 70.2 MB.

Unloading 4 unused Assets to reduce memory usage. Loaded Objects now: 1596.
Total: 21.393900 ms (FindLiveObjects: 0.478600 ms CreateObjectMapping: 0.420900 ms MarkObjects: 20.423500 ms  DeleteObjects: 0.060200 ms)

========================================================================
Received Prepare
Registering precompiled user dll's ...
Registered in 0.001482 seconds.
Begin MonoManager ReloadAssembly
Native extension for WindowsStandalone target not found
Refreshing native plugins compatible for Editor in 0.68 ms, found 0 plugins.
Preloading 0 native plugins for Editor in 0.00 ms.
Invoked RoslynAnalysisRunner static constructor.
RoslynAnalysisRunner will not be running.
RoslynAnalysisRunner has terminated.
Mono: successfully reloaded assembly
- Completed reload, in  3.567 seconds
Platform modules already initialized, skipping
Refreshing native plugins compatible for Editor in 0.62 ms, found 0 plugins.
Preloading 0 native plugins for Editor in 0.00 ms.
Unloading 1113 Unused Serialized files (Serialized files now loaded: 0)
System memory in use before: 70.2 MB.
System memory in use after: 70.3 MB.

Unloading 4 unused Assets to reduce memory usage. Loaded Objects now: 1599.
Total: 4.795800 ms (FindLiveObjects: 0.342700 ms CreateObjectMapping: 0.114900 ms MarkObjects: 4.296700 ms  DeleteObjects: 0.038100 ms)

========================================================================
Received Import Request.
  Time since last request: 7417.994282 seconds.
  path: Assets/Realistic_Bed/Room/bedroom.fbx
  artifactKey: Guid(5b1e305064255024aa6b671691b59ee1) Importer(815301076,1909f56bfc062723c751e8b465ee728b)
Start importing Assets/Realistic_Bed/Room/bedroom.fbx using Guid(5b1e305064255024aa6b671691b59ee1) Importer(815301076,1909f56bfc062723c751e8b465ee728b)  -> (artifact id: '46f4a3a82e3bd6889ea05ab334bcf5d5') in 0.464348 seconds
  Import took 0.470333 seconds .

========================================================================
Received Import Request.
  Time since last request: 4.481859 seconds.
  path: Assets/Scripts/CameraMotion.cs
  artifactKey: Guid(1a11637b5a3815648b7b1db0db06901c) Importer(815301076,1909f56bfc062723c751e8b465ee728b)
Start importing Assets/Scripts/CameraMotion.cs using Guid(1a11637b5a3815648b7b1db0db06901c) Importer(815301076,1909f56bfc062723c751e8b465ee728b)  -> (artifact id: 'f09f4d4312e2856cf68994402e00b44a') in 0.016873 seconds
  Import took 0.019907 seconds .

========================================================================
Received Import Request.
  Time since last request: 0.022421 seconds.
  path: Assets/Scripts/CameraMotion.cs
  artifactKey: Guid(1a11637b5a3815648b7b1db0db06901c) Importer(815301076,1909f56bfc062723c751e8b465ee728b)
Start importing Assets/Scripts/CameraMotion.cs using Guid(1a11637b5a3815648b7b1db0db06901c) Importer(815301076,1909f56bfc062723c751e8b465ee728b)  -> (artifact id: 'f09f4d4312e2856cf68994402e00b44a') in 0.002680 seconds
  Import took 0.006798 seconds .

========================================================================
Received Prepare
Registering precompiled user dll's ...
Registered in 0.001980 seconds.
Begin MonoManager ReloadAssembly
Native extension for WindowsStandalone target not found
Refreshing native plugins compatible for Editor in 0.90 ms, found 0 plugins.
Preloading 0 native plugins for Editor in 0.00 ms.
Invoked RoslynAnalysisRunner static constructor.
RoslynAnalysisRunner will not be running.
RoslynAnalysisRunner has terminated.
Mono: successfully reloaded assembly
- Completed reload, in  5.292 seconds
Platform modules already initialized, skipping
Refreshing native plugins compatible for Editor in 0.36 ms, found 0 plugins.
Preloading 0 native plugins for Editor in 0.00 ms.
Unloading 1113 Unused Serialized files (Serialized files now loaded: 0)
System memory in use before: 73.7 MB.
System memory in use after: 73.8 MB.

Unloading 4 unused Assets to reduce memory usage. Loaded Objects now: 1645.
Total: 6.682300 ms (FindLiveObjects: 0.350200 ms CreateObjectMapping: 0.119100 ms MarkObjects: 6.143400 ms  DeleteObjects: 0.065500 ms)

========================================================================
Received Import Request.
  Time since last request: 424.896544 seconds.
  path: Assets/Scripts/CameraMotion.cs
  artifactKey: Guid(1a11637b5a3815648b7b1db0db06901c) Importer(815301076,1909f56bfc062723c751e8b465ee728b)
Start importing Assets/Scripts/CameraMotion.cs using Guid(1a11637b5a3815648b7b1db0db06901c) Importer(815301076,1909f56bfc062723c751e8b465ee728b)  -> (artifact id: 'a6d4a35a16d45bac7b7539c1ae2181d7') in 0.013567 seconds
  Import took 0.020311 seconds .

========================================================================
Received Prepare
Registering precompiled user dll's ...
Registered in 0.001434 seconds.
Begin MonoManager ReloadAssembly
Native extension for WindowsStandalone target not found
Refreshing native plugins compatible for Editor in 0.36 ms, found 0 plugins.
Preloading 0 native plugins for Editor in 0.00 ms.
Invoked RoslynAnalysisRunner static constructor.
RoslynAnalysisRunner will not be running.
RoslynAnalysisRunner has terminated.
Mono: successfully reloaded assembly
- Completed reload, in  1.765 seconds
Platform modules already initialized, skipping
Refreshing native plugins compatible for Editor in 0.35 ms, found 0 plugins.
Preloading 0 native plugins for Editor in 0.00 ms.
Unloading 1113 Unused Serialized files (Serialized files now loaded: 0)
System memory in use before: 73.7 MB.
System memory in use after: 73.8 MB.

Unloading 4 unused Assets to reduce memory usage. Loaded Objects now: 1648.
Total: 2.883500 ms (FindLiveObjects: 0.259900 ms CreateObjectMapping: 0.073800 ms MarkObjects: 2.521300 ms  DeleteObjects: 0.026500 ms)

========================================================================
Received Import Request.
  Time since last request: 56.810744 seconds.
  path: Assets/Scripts/CameraMotion.cs
  artifactKey: Guid(1a11637b5a3815648b7b1db0db06901c) Importer(815301076,1909f56bfc062723c751e8b465ee728b)
Start importing Assets/Scripts/CameraMotion.cs using Guid(1a11637b5a3815648b7b1db0db06901c) Importer(815301076,1909f56bfc062723c751e8b465ee728b)  -> (artifact id: 'c8db9a727a50e90f8ee39ddba91087d5') in 0.010199 seconds
  Import took 0.015966 seconds .

========================================================================
Received Prepare
Registering precompiled user dll's ...
Registered in 0.001036 seconds.
Begin MonoManager ReloadAssembly
Native extension for WindowsStandalone target not found
Refreshing native plugins compatible for Editor in 0.24 ms, found 0 plugins.
Preloading 0 native plugins for Editor in 0.00 ms.
Invoked RoslynAnalysisRunner static constructor.
RoslynAnalysisRunner will not be running.
RoslynAnalysisRunner has terminated.
Mono: successfully reloaded assembly
- Completed reload, in  0.981 seconds
Platform modules already initialized, skipping
Refreshing native plugins compatible for Editor in 0.59 ms, found 0 plugins.
Preloading 0 native plugins for Editor in 0.00 ms.
Unloading 1113 Unused Serialized files (Serialized files now loaded: 0)
System memory in use before: 73.7 MB.
System memory in use after: 73.8 MB.

Unloading 4 unused Assets to reduce memory usage. Loaded Objects now: 1651.
Total: 6.046300 ms (FindLiveObjects: 0.383300 ms CreateObjectMapping: 0.132600 ms MarkObjects: 5.486900 ms  DeleteObjects: 0.039700 ms)

========================================================================
Received Prepare
Registering precompiled user dll's ...
Registered in 0.003018 seconds.
Begin MonoManager ReloadAssembly
Native extension for WindowsStandalone target not found
Refreshing native plugins compatible for Editor in 0.40 ms, found 0 plugins.
Preloading 0 native plugins for Editor in 0.00 ms.
Invoked RoslynAnalysisRunner static constructor.
RoslynAnalysisRunner will not be running.
RoslynAnalysisRunner has terminated.
Mono: successfully reloaded assembly
- Completed reload, in  1.904 seconds
Platform modules already initialized, skipping
Refreshing native plugins compatible for Editor in 0.59 ms, found 0 plugins.
Preloading 0 native plugins for Editor in 0.00 ms.
Unloading 1113 Unused Serialized files (Serialized files now loaded: 0)
System memory in use before: 73.7 MB.
System memory in use after: 73.8 MB.

Unloading 4 unused Assets to reduce memory usage. Loaded Objects now: 1654.
Total: 2.803900 ms (FindLiveObjects: 0.265600 ms CreateObjectMapping: 0.096600 ms MarkObjects: 2.413900 ms  DeleteObjects: 0.025300 ms)

========================================================================
Received Import Request.
  Time since last request: 629.868028 seconds.
  path: Assets/Scripts/DoorMotion.cs
  artifactKey: Guid(5f77b630ef53204488650d7852f8d662) Importer(815301076,1909f56bfc062723c751e8b465ee728b)
Start importing Assets/Scripts/DoorMotion.cs using Guid(5f77b630ef53204488650d7852f8d662) Importer(815301076,1909f56bfc062723c751e8b465ee728b)  -> (artifact id: '4ce05dbcbe568a5b09cf6dbfe8e9e515') in 0.017387 seconds
  Import took 0.022005 seconds .

========================================================================
Received Import Request.
  Time since last request: 441.687696 seconds.
  path: Assets/Scripts/DoorMotion.cs
  artifactKey: Guid(5f77b630ef53204488650d7852f8d662) Importer(815301076,1909f56bfc062723c751e8b465ee728b)
Start importing Assets/Scripts/DoorMotion.cs using Guid(5f77b630ef53204488650d7852f8d662) Importer(815301076,1909f56bfc062723c751e8b465ee728b)  -> (artifact id: 'db8b75ab0f309a17b50229287c3ea5aa') in 0.006949 seconds
  Import took 0.014102 seconds .

========================================================================
Received Prepare
Registering precompiled user dll's ...
Registered in 0.001270 seconds.
Begin MonoManager ReloadAssembly
Native extension for WindowsStandalone target not found
Refreshing native plugins compatible for Editor in 0.61 ms, found 0 plugins.
Preloading 0 native plugins for Editor in 0.00 ms.
Invoked RoslynAnalysisRunner static constructor.
RoslynAnalysisRunner will not be running.
RoslynAnalysisRunner has terminated.
Mono: successfully reloaded assembly
- Completed reload, in  1.763 seconds
Platform modules already initialized, skipping
Refreshing native plugins compatible for Editor in 0.54 ms, found 0 plugins.
Preloading 0 native plugins for Editor in 0.00 ms.
Unloading 1113 Unused Serialized files (Serialized files now loaded: 0)
System memory in use before: 73.7 MB.
System memory in use after: 73.8 MB.

Unloading 4 unused Assets to reduce memory usage. Loaded Objects now: 1657.
Total: 4.444900 ms (FindLiveObjects: 0.406000 ms CreateObjectMapping: 0.104700 ms MarkObjects: 3.882600 ms  DeleteObjects: 0.045500 ms)

========================================================================
Received Import Request.
  Time since last request: 9857.807094 seconds.
  path: Assets/Scripts/DoorMotion.cs
  artifactKey: Guid(5f77b630ef53204488650d7852f8d662) Importer(815301076,1909f56bfc062723c751e8b465ee728b)
Start importing Assets/Scripts/DoorMotion.cs using Guid(5f77b630ef53204488650d7852f8d662) Importer(815301076,1909f56bfc062723c751e8b465ee728b)  -> (artifact id: 'd62e829f17ac572ca4769b4419ca8397') in 0.010076 seconds
  Import took 0.018123 seconds .

========================================================================
Received Prepare
Registering precompiled user dll's ...
Registered in 0.004227 seconds.
Begin MonoManager ReloadAssembly
Native extension for WindowsStandalone target not found
Refreshing native plugins compatible for Editor in 0.93 ms, found 0 plugins.
Preloading 0 native plugins for Editor in 0.00 ms.
Invoked RoslynAnalysisRunner static constructor.
RoslynAnalysisRunner will not be running.
RoslynAnalysisRunner has terminated.
Mono: successfully reloaded assembly
- Completed reload, in  2.737 seconds
Platform modules already initialized, skipping
Refreshing native plugins compatible for Editor in 1.57 ms, found 0 plugins.
Preloading 0 native plugins for Editor in 0.00 ms.
Unloading 1113 Unused Serialized files (Serialized files now loaded: 0)
System memory in use before: 73.7 MB.
System memory in use after: 73.8 MB.

Unloading 4 unused Assets to reduce memory usage. Loaded Objects now: 1660.
Total: 8.364800 ms (FindLiveObjects: 2.708000 ms CreateObjectMapping: 0.412400 ms MarkObjects: 5.181600 ms  DeleteObjects: 0.055700 ms)

========================================================================
Received Prepare
Registering precompiled user dll's ...
Registered in 0.001057 seconds.
Begin MonoManager ReloadAssembly
Native extension for WindowsStandalone target not found
Refreshing native plugins compatible for Editor in 0.64 ms, found 0 plugins.
Preloading 0 native plugins for Editor in 0.00 ms.
Invoked RoslynAnalysisRunner static constructor.
RoslynAnalysisRunner will not be running.
RoslynAnalysisRunner has terminated.
Mono: successfully reloaded assembly
- Completed reload, in  2.351 seconds
Platform modules already initialized, skipping
Refreshing native plugins compatible for Editor in 0.27 ms, found 0 plugins.
Preloading 0 native plugins for Editor in 0.00 ms.
Unloading 1113 Unused Serialized files (Serialized files now loaded: 0)
System memory in use before: 73.7 MB.
System memory in use after: 73.8 MB.

Unloading 4 unused Assets to reduce memory usage. Loaded Objects now: 1663.
Total: 1.894300 ms (FindLiveObjects: 0.161000 ms CreateObjectMapping: 0.050500 ms MarkObjects: 1.664400 ms  DeleteObjects: 0.016200 ms)

========================================================================
Received Prepare
Registering precompiled user dll's ...
Registered in 0.001337 seconds.
Begin MonoManager ReloadAssembly
Native extension for WindowsStandalone target not found
Refreshing native plugins compatible for Editor in 0.41 ms, found 0 plugins.
Preloading 0 native plugins for Editor in 0.00 ms.
Invoked RoslynAnalysisRunner static constructor.
RoslynAnalysisRunner will not be running.
RoslynAnalysisRunner has terminated.
Mono: successfully reloaded assembly
- Completed reload, in  2.739 seconds
Platform modules already initialized, skipping
Refreshing native plugins compatible for Editor in 0.33 ms, found 0 plugins.
Preloading 0 native plugins for Editor in 0.00 ms.
Unloading 1113 Unused Serialized files (Serialized files now loaded: 0)
System memory in use before: 73.8 MB.
System memory in use after: 73.8 MB.

Unloading 4 unused Assets to reduce memory usage. Loaded Objects now: 1666.
Total: 2.217800 ms (FindLiveObjects: 0.207300 ms CreateObjectMapping: 0.060900 ms MarkObjects: 1.924700 ms  DeleteObjects: 0.022500 ms)

