Using pre-set license
Built from '2020.3/staging' branch; Version is '2020.3.0f1 (c7b5465681fb) revision 13088070'; Using compiler version '192528614'; Build Type 'Release'
OS: 'Windows 10 Pro; OS build 19041.804; Version 2004; 64bit' Language: 'en' Physical Memory: 8058 MB
BatchMode: 1, IsHumanControllingUs: 0, StartBugReporterOnCrash: 0, Is64bit: 1, IsPro: 0

 COMMAND LINE ARGUMENTS:
C:\Program Files\Unity\Hub\Editor\2020.3.0f1\Editor\Unity.exe
-adb2
-batchMode
-noUpm
-name
AssetImportWorker1
-projectPath
C:/Users/Melany/Downloads/GameDev-Project2-master
-logFile
Logs/AssetImportWorker1.log
-srvPort
49742
Successfully changed project path to: C:/Users/Melany/Downloads/GameDev-Project2-master
C:/Users/Melany/Downloads/GameDev-Project2-master
Using Asset Import Pipeline V2.
Refreshing native plugins compatible for Editor in 54.33 ms, found 0 plugins.
Preloading 0 native plugins for Editor in 0.00 ms.
Initialize engine version: 2020.3.0f1 (c7b5465681fb)
[Subsystems] Discovering subsystems at path C:/Program Files/Unity/Hub/Editor/2020.3.0f1/Editor/Data/Resources/UnitySubsystems
[Subsystems] Discovering subsystems at path C:/Users/Melany/Downloads/GameDev-Project2-master/Assets
GfxDevice: creating device client; threaded=0
Direct3D:
    Version:  Direct3D 11.0 [level 11.1]
    Renderer: Intel(R) UHD Graphics 620 (ID=0x5917)
    Vendor:   
    VRAM:     4029 MB
    Driver:   23.20.16.4973
Initialize mono
Mono path[0] = 'C:/Program Files/Unity/Hub/Editor/2020.3.0f1/Editor/Data/Managed'
Mono path[1] = 'C:/Program Files/Unity/Hub/Editor/2020.3.0f1/Editor/Data/MonoBleedingEdge/lib/mono/unityjit'
Mono config path = 'C:/Program Files/Unity/Hub/Editor/2020.3.0f1/Editor/Data/MonoBleedingEdge/etc'
Using monoOptions --debugger-agent=transport=dt_socket,embedding=1,server=y,suspend=n,address=127.0.0.1:56760
Begin MonoManager ReloadAssembly
Registering precompiled unity dll's ...
Register platform support module: C:/Program Files/Unity/Hub/Editor/2020.3.0f1/Editor/Data/PlaybackEngines/WindowsStandaloneSupport/UnityEditor.WindowsStandalone.Extensions.dll
Registered in 0.004747 seconds.
Native extension for WindowsStandalone target not found
Refreshing native plugins compatible for Editor in 54.85 ms, found 0 plugins.
Preloading 0 native plugins for Editor in 0.00 ms.
Invoked RoslynAnalysisRunner static constructor.
RoslynAnalysisRunner will not be running.
RoslynAnalysisRunner has terminated.
Mono: successfully reloaded assembly
- Completed reload, in  2.763 seconds
Platform modules already initialized, skipping
Registering precompiled user dll's ...
Registered in 0.001071 seconds.
Begin MonoManager ReloadAssembly
Native extension for WindowsStandalone target not found
Refreshing native plugins compatible for Editor in 0.27 ms, found 0 plugins.
Preloading 0 native plugins for Editor in 0.00 ms.
Invoked RoslynAnalysisRunner static constructor.
RoslynAnalysisRunner will not be running.
RoslynAnalysisRunner has terminated.
Mono: successfully reloaded assembly
- Completed reload, in  4.709 seconds
Platform modules already initialized, skipping
========================================================================
Worker process is ready to serve import requests
Launched and connected shader compiler UnityShaderCompiler.exe after 0.22 seconds
Refreshing native plugins compatible for Editor in 0.61 ms, found 0 plugins.
Preloading 0 native plugins for Editor in 0.00 ms.
Unloading 1118 Unused Serialized files (Serialized files now loaded: 0)
System memory in use before: 69.7 MB.
System memory in use after: 69.7 MB.

Unloading 9 unused Assets to reduce memory usage. Loaded Objects now: 1581.
Total: 6.234000 ms (FindLiveObjects: 0.537900 ms CreateObjectMapping: 0.282000 ms MarkObjects: 5.173100 ms  DeleteObjects: 0.237600 ms)

========================================================================
Received Import Request.
  path: Assets/Sounds/Western Demo Audio Assets/Doors/Door Close 1.wav
  artifactKey: Guid(dee1c92d1a13f4459b070de962777e98) Importer(815301076,1909f56bfc062723c751e8b465ee728b)
Start importing Assets/Sounds/Western Demo Audio Assets/Doors/Door Close 1.wav using Guid(dee1c92d1a13f4459b070de962777e98) Importer(815301076,1909f56bfc062723c751e8b465ee728b)  -> (artifact id: '6567b05cdc04a3709103818e05a01547') in 0.512671 seconds
  Import took 0.520615 seconds .

========================================================================
Received Import Request.
  Time since last request: 0.001002 seconds.
  path: Assets/Sounds/Western Demo Audio Assets/Doors/Patio Squeak 2.wav
  artifactKey: Guid(c21fa22da4c9241d3aa1bd50e667b77d) Importer(815301076,1909f56bfc062723c751e8b465ee728b)
Start importing Assets/Sounds/Western Demo Audio Assets/Doors/Patio Squeak 2.wav using Guid(c21fa22da4c9241d3aa1bd50e667b77d) Importer(815301076,1909f56bfc062723c751e8b465ee728b)  -> (artifact id: '7f931b3eaba8ed95649059bd9521c122') in 0.051434 seconds
  Import took 0.057660 seconds .

========================================================================
Received Import Request.
  Time since last request: 0.000442 seconds.
  path: Assets/Sounds/Western Demo Audio Assets/Doors/Window Open.wav
  artifactKey: Guid(be7c9a3e9bc344a01b53e963a6604874) Importer(815301076,1909f56bfc062723c751e8b465ee728b)
Start importing Assets/Sounds/Western Demo Audio Assets/Doors/Window Open.wav using Guid(be7c9a3e9bc344a01b53e963a6604874) Importer(815301076,1909f56bfc062723c751e8b465ee728b)  -> (artifact id: 'bb53ae881ea6a3c50f2be48d1c519b6f') in 0.056018 seconds
  Import took 0.062963 seconds .

========================================================================
Received Import Request.
  Time since last request: 0.000476 seconds.
  path: Assets/Sounds/Western Demo Audio Assets/Doors/Window Close.wav
  artifactKey: Guid(80b31befe7ecf41079c487ce93b99ef5) Importer(815301076,1909f56bfc062723c751e8b465ee728b)
Start importing Assets/Sounds/Western Demo Audio Assets/Doors/Window Close.wav using Guid(80b31befe7ecf41079c487ce93b99ef5) Importer(815301076,1909f56bfc062723c751e8b465ee728b)  -> (artifact id: '767ad038c0ed362bce793cdb95120bfe') in 0.057141 seconds
  Import took 0.063300 seconds .

========================================================================
Received Import Request.
  Time since last request: 0.000374 seconds.
  path: Assets/Sounds/Western Demo Audio Assets/Doors/Door Open 1.wav
  artifactKey: Guid(adfb477aa2d8f44f1a8f3ffc61b6ccd5) Importer(815301076,1909f56bfc062723c751e8b465ee728b)
Start importing Assets/Sounds/Western Demo Audio Assets/Doors/Door Open 1.wav using Guid(adfb477aa2d8f44f1a8f3ffc61b6ccd5) Importer(815301076,1909f56bfc062723c751e8b465ee728b)  -> (artifact id: '6357c41c7d2dea3861dc9388d89403ec') in 0.054336 seconds
  Import took 0.061421 seconds .

========================================================================
Received Import Request.
  Time since last request: 0.000386 seconds.
  path: Assets/Sounds/Western Demo Audio Assets/Doors/Saloon Door Squeak 2.wav
  artifactKey: Guid(56ee0053a1cef48c69071383e6ffd035) Importer(815301076,1909f56bfc062723c751e8b465ee728b)
Start importing Assets/Sounds/Western Demo Audio Assets/Doors/Saloon Door Squeak 2.wav using Guid(56ee0053a1cef48c69071383e6ffd035) Importer(815301076,1909f56bfc062723c751e8b465ee728b)  -> (artifact id: '3ac57681c5c79c0b4eeb4c79f6e904cf') in 0.051035 seconds
  Import took 0.058066 seconds .

========================================================================
Received Import Request.
  Time since last request: 0.000483 seconds.
  path: Assets/Sounds/Western Demo Audio Assets/Doors/Saloon Door 2.wav
  artifactKey: Guid(70d8166e18b6543c69cf4515dcb97da7) Importer(815301076,1909f56bfc062723c751e8b465ee728b)
Start importing Assets/Sounds/Western Demo Audio Assets/Doors/Saloon Door 2.wav using Guid(70d8166e18b6543c69cf4515dcb97da7) Importer(815301076,1909f56bfc062723c751e8b465ee728b)  -> (artifact id: '10584d62d8a9140237bc194666276b13') in 0.053359 seconds
  Import took 0.058850 seconds .

========================================================================
Received Import Request.
  Time since last request: 0.000639 seconds.
  path: Assets/Sounds/Western Demo Audio Assets/Doors/Patio Squeak 1.wav
  artifactKey: Guid(f35311d9f54424b50bfae30761aa9cdc) Importer(815301076,1909f56bfc062723c751e8b465ee728b)
Start importing Assets/Sounds/Western Demo Audio Assets/Doors/Patio Squeak 1.wav using Guid(f35311d9f54424b50bfae30761aa9cdc) Importer(815301076,1909f56bfc062723c751e8b465ee728b)  -> (artifact id: '29c8c73840ed222f20da6f6d76da5fb4') in 0.055516 seconds
  Import took 0.060538 seconds .

========================================================================
Received Import Request.
  Time since last request: 0.000355 seconds.
  path: Assets/Sounds/Western Demo Audio Assets/Doors/Patio Door 2.wav
  artifactKey: Guid(d94a42b1f29cf461e9ba55484b382e7f) Importer(815301076,1909f56bfc062723c751e8b465ee728b)
Start importing Assets/Sounds/Western Demo Audio Assets/Doors/Patio Door 2.wav using Guid(d94a42b1f29cf461e9ba55484b382e7f) Importer(815301076,1909f56bfc062723c751e8b465ee728b)  -> (artifact id: '3a227b2b9b0a3e054d281410cb52ea57') in 0.044538 seconds
  Import took 0.048687 seconds .

========================================================================
Received Import Request.
  Time since last request: 0.000376 seconds.
  path: Assets/Sounds/Western Demo Audio Assets/Doors/Patio Door 1.wav
  artifactKey: Guid(2c25aa246dc784a29aedface4166774a) Importer(815301076,1909f56bfc062723c751e8b465ee728b)
Start importing Assets/Sounds/Western Demo Audio Assets/Doors/Patio Door 1.wav using Guid(2c25aa246dc784a29aedface4166774a) Importer(815301076,1909f56bfc062723c751e8b465ee728b)  -> (artifact id: '6bd374c3a40d846973c87b3044c9eeb2') in 0.042636 seconds
  Import took 0.047431 seconds .

========================================================================
Received Import Request.
  Time since last request: 0.000465 seconds.
  path: Assets/Sounds/Western Demo Audio Assets/Doors/Saloon Door 3.wav
  artifactKey: Guid(6910fbf3f49c644bda55cd1da8a1af03) Importer(815301076,1909f56bfc062723c751e8b465ee728b)
Start importing Assets/Sounds/Western Demo Audio Assets/Doors/Saloon Door 3.wav using Guid(6910fbf3f49c644bda55cd1da8a1af03) Importer(815301076,1909f56bfc062723c751e8b465ee728b)  -> (artifact id: '40bfb0bb2a90c808a372829d1deb91c2') in 0.036422 seconds
  Import took 0.045151 seconds .

========================================================================
Received Import Request.
  Time since last request: 0.000589 seconds.
  path: Assets/Sounds/Western Demo Audio Assets/Doors/Door Open 2.wav
  artifactKey: Guid(720bdee4b7a5648d58be1aeea9435cac) Importer(815301076,1909f56bfc062723c751e8b465ee728b)
Start importing Assets/Sounds/Western Demo Audio Assets/Doors/Door Open 2.wav using Guid(720bdee4b7a5648d58be1aeea9435cac) Importer(815301076,1909f56bfc062723c751e8b465ee728b)  -> (artifact id: 'e7a06a2bc75ed9e146eb7bf06f429d1e') in 0.048340 seconds
  Import took 0.055428 seconds .

========================================================================
Received Import Request.
  Time since last request: 0.001000 seconds.
  path: Assets/Sounds/Western Demo Audio Assets/Doors/Saloon Door 1.wav
  artifactKey: Guid(8e8471130f50b44b2a034f3ecfcd1700) Importer(815301076,1909f56bfc062723c751e8b465ee728b)
Start importing Assets/Sounds/Western Demo Audio Assets/Doors/Saloon Door 1.wav using Guid(8e8471130f50b44b2a034f3ecfcd1700) Importer(815301076,1909f56bfc062723c751e8b465ee728b)  -> (artifact id: 'd2245cd8e9d319003f3f2aeb4ee7c66a') in 0.041192 seconds
  Import took 0.048811 seconds .

========================================================================
Received Import Request.
  Time since last request: 0.000506 seconds.
  path: Assets/Sounds/Western Demo Audio Assets/Doors/Saloon Door Squeak 1.wav
  artifactKey: Guid(53fd5fed6d4f94945ad3fba8b9cdc258) Importer(815301076,1909f56bfc062723c751e8b465ee728b)
Start importing Assets/Sounds/Western Demo Audio Assets/Doors/Saloon Door Squeak 1.wav using Guid(53fd5fed6d4f94945ad3fba8b9cdc258) Importer(815301076,1909f56bfc062723c751e8b465ee728b)  -> (artifact id: 'd4af69ba5d60f357aaa007fc9043169f') in 0.122701 seconds
  Import took 0.132645 seconds .

========================================================================
Received Import Request.
  Time since last request: 8.173922 seconds.
  path: Assets/Scripts/DoorMotion.cs
  artifactKey: Guid(5f77b630ef53204488650d7852f8d662) Importer(815301076,1909f56bfc062723c751e8b465ee728b)
Start importing Assets/Scripts/DoorMotion.cs using Guid(5f77b630ef53204488650d7852f8d662) Importer(815301076,1909f56bfc062723c751e8b465ee728b)  -> (artifact id: '2eaf178c02b16a063e18e5a7891b88f4') in 0.025282 seconds
  Import took 0.029619 seconds .

========================================================================
Received Prepare
Registering precompiled user dll's ...
Registered in 0.001159 seconds.
Begin MonoManager ReloadAssembly
Native extension for WindowsStandalone target not found
Refreshing native plugins compatible for Editor in 0.40 ms, found 0 plugins.
Preloading 0 native plugins for Editor in 0.00 ms.
Invoked RoslynAnalysisRunner static constructor.
RoslynAnalysisRunner will not be running.
RoslynAnalysisRunner has terminated.
Mono: successfully reloaded assembly
- Completed reload, in  2.517 seconds
Platform modules already initialized, skipping
Refreshing native plugins compatible for Editor in 0.77 ms, found 0 plugins.
Preloading 0 native plugins for Editor in 0.00 ms.
Unloading 1113 Unused Serialized files (Serialized files now loaded: 0)
System memory in use before: 72.8 MB.
System memory in use after: 72.9 MB.

Unloading 4 unused Assets to reduce memory usage. Loaded Objects now: 1593.
Total: 4.277200 ms (FindLiveObjects: 0.446200 ms CreateObjectMapping: 0.168000 ms MarkObjects: 3.620200 ms  DeleteObjects: 0.038500 ms)

========================================================================
Received Prepare
Registering precompiled user dll's ...
Registered in 0.001026 seconds.
Begin MonoManager ReloadAssembly
Native extension for WindowsStandalone target not found
Refreshing native plugins compatible for Editor in 0.71 ms, found 0 plugins.
Preloading 0 native plugins for Editor in 0.00 ms.
Invoked RoslynAnalysisRunner static constructor.
RoslynAnalysisRunner will not be running.
RoslynAnalysisRunner has terminated.
Mono: successfully reloaded assembly
- Completed reload, in  2.307 seconds
Platform modules already initialized, skipping
Refreshing native plugins compatible for Editor in 0.62 ms, found 0 plugins.
Preloading 0 native plugins for Editor in 0.00 ms.
Unloading 1113 Unused Serialized files (Serialized files now loaded: 0)
System memory in use before: 72.8 MB.
System memory in use after: 72.9 MB.

Unloading 4 unused Assets to reduce memory usage. Loaded Objects now: 1596.
Total: 6.046600 ms (FindLiveObjects: 0.838100 ms CreateObjectMapping: 0.409600 ms MarkObjects: 4.755300 ms  DeleteObjects: 0.037600 ms)

========================================================================
Received Import Request.
  Time since last request: 771.150182 seconds.
  path: Assets/Scripts/DoorMotion.cs
  artifactKey: Guid(5f77b630ef53204488650d7852f8d662) Importer(815301076,1909f56bfc062723c751e8b465ee728b)
Start importing Assets/Scripts/DoorMotion.cs using Guid(5f77b630ef53204488650d7852f8d662) Importer(815301076,1909f56bfc062723c751e8b465ee728b)  -> (artifact id: 'c6aa77e6e81cf117ab56f800619b9fa9') in 0.009306 seconds
  Import took 0.017352 seconds .

========================================================================
Received Import Request.
  Time since last request: 0.005917 seconds.
  path: Assets/Scripts/DoorMotion.cs
  artifactKey: Guid(5f77b630ef53204488650d7852f8d662) Importer(815301076,1909f56bfc062723c751e8b465ee728b)
Start importing Assets/Scripts/DoorMotion.cs using Guid(5f77b630ef53204488650d7852f8d662) Importer(815301076,1909f56bfc062723c751e8b465ee728b)  -> (artifact id: 'c6aa77e6e81cf117ab56f800619b9fa9') in 0.006439 seconds
  Import took 0.012403 seconds .

========================================================================
Received Prepare
Registering precompiled user dll's ...
Registered in 0.001865 seconds.
Begin MonoManager ReloadAssembly
Native extension for WindowsStandalone target not found
Refreshing native plugins compatible for Editor in 0.42 ms, found 0 plugins.
Preloading 0 native plugins for Editor in 0.00 ms.
Invoked RoslynAnalysisRunner static constructor.
RoslynAnalysisRunner will not be running.
RoslynAnalysisRunner has terminated.
Mono: successfully reloaded assembly
- Completed reload, in  2.254 seconds
Platform modules already initialized, skipping
Refreshing native plugins compatible for Editor in 1.16 ms, found 0 plugins.
Preloading 0 native plugins for Editor in 0.00 ms.
Unloading 1113 Unused Serialized files (Serialized files now loaded: 0)
System memory in use before: 72.9 MB.
System memory in use after: 73.0 MB.

Unloading 4 unused Assets to reduce memory usage. Loaded Objects now: 1599.
Total: 8.338600 ms (FindLiveObjects: 0.567900 ms CreateObjectMapping: 0.126500 ms MarkObjects: 7.543600 ms  DeleteObjects: 0.094000 ms)

========================================================================
Received Prepare
Registering precompiled user dll's ...
Registered in 0.001037 seconds.
Begin MonoManager ReloadAssembly
Native extension for WindowsStandalone target not found
Refreshing native plugins compatible for Editor in 0.38 ms, found 0 plugins.
Preloading 0 native plugins for Editor in 0.00 ms.
Invoked RoslynAnalysisRunner static constructor.
RoslynAnalysisRunner will not be running.
RoslynAnalysisRunner has terminated.
Mono: successfully reloaded assembly
- Completed reload, in  2.404 seconds
Platform modules already initialized, skipping
Refreshing native plugins compatible for Editor in 0.76 ms, found 0 plugins.
Preloading 0 native plugins for Editor in 0.00 ms.
Unloading 1113 Unused Serialized files (Serialized files now loaded: 0)
System memory in use before: 72.9 MB.
System memory in use after: 73.0 MB.

Unloading 4 unused Assets to reduce memory usage. Loaded Objects now: 1602.
Total: 9.456100 ms (FindLiveObjects: 0.819000 ms CreateObjectMapping: 0.311600 ms MarkObjects: 8.251400 ms  DeleteObjects: 0.066500 ms)

========================================================================
Received Prepare
Registering precompiled user dll's ...
Registered in 0.000993 seconds.
Begin MonoManager ReloadAssembly
Native extension for WindowsStandalone target not found
Refreshing native plugins compatible for Editor in 0.37 ms, found 0 plugins.
Preloading 0 native plugins for Editor in 0.00 ms.
Invoked RoslynAnalysisRunner static constructor.
RoslynAnalysisRunner will not be running.
RoslynAnalysisRunner has terminated.
Mono: successfully reloaded assembly
- Completed reload, in  1.642 seconds
Platform modules already initialized, skipping
Refreshing native plugins compatible for Editor in 0.43 ms, found 0 plugins.
Preloading 0 native plugins for Editor in 0.00 ms.
Unloading 1113 Unused Serialized files (Serialized files now loaded: 0)
System memory in use before: 72.9 MB.
System memory in use after: 73.0 MB.

Unloading 4 unused Assets to reduce memory usage. Loaded Objects now: 1605.
Total: 2.754300 ms (FindLiveObjects: 0.238200 ms CreateObjectMapping: 0.077800 ms MarkObjects: 2.406100 ms  DeleteObjects: 0.030100 ms)

========================================================================
Received Prepare
Registering precompiled user dll's ...
Registered in 0.002328 seconds.
Begin MonoManager ReloadAssembly
Native extension for WindowsStandalone target not found
Refreshing native plugins compatible for Editor in 1.81 ms, found 0 plugins.
Preloading 0 native plugins for Editor in 0.00 ms.
Invoked RoslynAnalysisRunner static constructor.
RoslynAnalysisRunner will not be running.
RoslynAnalysisRunner has terminated.
Mono: successfully reloaded assembly
- Completed reload, in  4.172 seconds
Platform modules already initialized, skipping
Refreshing native plugins compatible for Editor in 0.74 ms, found 0 plugins.
Preloading 0 native plugins for Editor in 0.00 ms.
Unloading 1113 Unused Serialized files (Serialized files now loaded: 0)
System memory in use before: 72.9 MB.
System memory in use after: 73.0 MB.

Unloading 4 unused Assets to reduce memory usage. Loaded Objects now: 1608.
Total: 5.650800 ms (FindLiveObjects: 0.684000 ms CreateObjectMapping: 0.444400 ms MarkObjects: 4.487700 ms  DeleteObjects: 0.030300 ms)

========================================================================
Received Import Request.
  Time since last request: 590.798866 seconds.
  path: Assets/Scripts/DoorMotion.cs
  artifactKey: Guid(5f77b630ef53204488650d7852f8d662) Importer(815301076,1909f56bfc062723c751e8b465ee728b)
Start importing Assets/Scripts/DoorMotion.cs using Guid(5f77b630ef53204488650d7852f8d662) Importer(815301076,1909f56bfc062723c751e8b465ee728b)  -> (artifact id: '6c18affbde2a589267c13613ebbf89d2') in 0.009754 seconds
  Import took 0.013474 seconds .

========================================================================
Received Prepare
Registering precompiled user dll's ...
Registered in 0.001928 seconds.
Begin MonoManager ReloadAssembly
Native extension for WindowsStandalone target not found
Refreshing native plugins compatible for Editor in 0.47 ms, found 0 plugins.
Preloading 0 native plugins for Editor in 0.00 ms.
Invoked RoslynAnalysisRunner static constructor.
RoslynAnalysisRunner will not be running.
RoslynAnalysisRunner has terminated.
Mono: successfully reloaded assembly
- Completed reload, in  2.055 seconds
Platform modules already initialized, skipping
Refreshing native plugins compatible for Editor in 0.44 ms, found 0 plugins.
Preloading 0 native plugins for Editor in 0.00 ms.
Unloading 1113 Unused Serialized files (Serialized files now loaded: 0)
System memory in use before: 72.9 MB.
System memory in use after: 73.0 MB.

Unloading 4 unused Assets to reduce memory usage. Loaded Objects now: 1611.
Total: 3.559800 ms (FindLiveObjects: 0.211300 ms CreateObjectMapping: 0.069000 ms MarkObjects: 3.238600 ms  DeleteObjects: 0.038200 ms)

========================================================================
Received Import Request.
  Time since last request: 67.399828 seconds.
  path: Assets/Scripts/DoorMotion.cs
  artifactKey: Guid(5f77b630ef53204488650d7852f8d662) Importer(815301076,1909f56bfc062723c751e8b465ee728b)
Start importing Assets/Scripts/DoorMotion.cs using Guid(5f77b630ef53204488650d7852f8d662) Importer(815301076,1909f56bfc062723c751e8b465ee728b)  -> (artifact id: '8c18d098c1f01698c02780c410246942') in 0.010559 seconds
  Import took 0.020513 seconds .

========================================================================
Received Prepare
Registering precompiled user dll's ...
Registered in 0.001428 seconds.
Begin MonoManager ReloadAssembly
Native extension for WindowsStandalone target not found
Refreshing native plugins compatible for Editor in 1.17 ms, found 0 plugins.
Preloading 0 native plugins for Editor in 0.00 ms.
Invoked RoslynAnalysisRunner static constructor.
RoslynAnalysisRunner will not be running.
RoslynAnalysisRunner has terminated.
Mono: successfully reloaded assembly
- Completed reload, in  2.439 seconds
Platform modules already initialized, skipping
Refreshing native plugins compatible for Editor in 0.60 ms, found 0 plugins.
Preloading 0 native plugins for Editor in 0.00 ms.
Unloading 1113 Unused Serialized files (Serialized files now loaded: 0)
System memory in use before: 72.9 MB.
System memory in use after: 73.0 MB.

Unloading 4 unused Assets to reduce memory usage. Loaded Objects now: 1614.
Total: 5.464500 ms (FindLiveObjects: 0.428600 ms CreateObjectMapping: 0.167600 ms MarkObjects: 4.807600 ms  DeleteObjects: 0.056500 ms)

========================================================================
Received Prepare
Registering precompiled user dll's ...
Registered in 0.001281 seconds.
Begin MonoManager ReloadAssembly
Native extension for WindowsStandalone target not found
Refreshing native plugins compatible for Editor in 0.47 ms, found 0 plugins.
Preloading 0 native plugins for Editor in 0.00 ms.
Invoked RoslynAnalysisRunner static constructor.
RoslynAnalysisRunner will not be running.
RoslynAnalysisRunner has terminated.
Mono: successfully reloaded assembly
- Completed reload, in  2.276 seconds
Platform modules already initialized, skipping
Refreshing native plugins compatible for Editor in 0.51 ms, found 0 plugins.
Preloading 0 native plugins for Editor in 0.00 ms.
Unloading 1113 Unused Serialized files (Serialized files now loaded: 0)
System memory in use before: 72.9 MB.
System memory in use after: 73.0 MB.

Unloading 4 unused Assets to reduce memory usage. Loaded Objects now: 1617.
Total: 3.722000 ms (FindLiveObjects: 0.298900 ms CreateObjectMapping: 0.155100 ms MarkObjects: 3.217600 ms  DeleteObjects: 0.046700 ms)

========================================================================
Received Prepare
Registering precompiled user dll's ...
Registered in 0.001607 seconds.
Begin MonoManager ReloadAssembly
Native extension for WindowsStandalone target not found
Refreshing native plugins compatible for Editor in 1.19 ms, found 0 plugins.
Preloading 0 native plugins for Editor in 0.00 ms.
Invoked RoslynAnalysisRunner static constructor.
RoslynAnalysisRunner will not be running.
RoslynAnalysisRunner has terminated.
Mono: successfully reloaded assembly
- Completed reload, in  2.245 seconds
Platform modules already initialized, skipping
Refreshing native plugins compatible for Editor in 0.70 ms, found 0 plugins.
Preloading 0 native plugins for Editor in 0.00 ms.
Unloading 1113 Unused Serialized files (Serialized files now loaded: 0)
System memory in use before: 72.9 MB.
System memory in use after: 73.0 MB.

Unloading 4 unused Assets to reduce memory usage. Loaded Objects now: 1620.
Total: 8.471700 ms (FindLiveObjects: 0.485900 ms CreateObjectMapping: 0.233900 ms MarkObjects: 7.688400 ms  DeleteObjects: 0.057900 ms)

========================================================================
Received Prepare
Registering precompiled user dll's ...
Registered in 0.000998 seconds.
Begin MonoManager ReloadAssembly
Native extension for WindowsStandalone target not found
Refreshing native plugins compatible for Editor in 0.28 ms, found 0 plugins.
Preloading 0 native plugins for Editor in 0.00 ms.
Invoked RoslynAnalysisRunner static constructor.
RoslynAnalysisRunner will not be running.
RoslynAnalysisRunner has terminated.
Mono: successfully reloaded assembly
- Completed reload, in  1.432 seconds
Platform modules already initialized, skipping
Refreshing native plugins compatible for Editor in 0.31 ms, found 0 plugins.
Preloading 0 native plugins for Editor in 0.00 ms.
Unloading 1113 Unused Serialized files (Serialized files now loaded: 0)
System memory in use before: 72.9 MB.
System memory in use after: 73.0 MB.

Unloading 4 unused Assets to reduce memory usage. Loaded Objects now: 1623.
Total: 2.924000 ms (FindLiveObjects: 0.260000 ms CreateObjectMapping: 0.064900 ms MarkObjects: 2.564700 ms  DeleteObjects: 0.031600 ms)

========================================================================
Received Prepare
Registering precompiled user dll's ...
Registered in 0.001517 seconds.
Begin MonoManager ReloadAssembly
Native extension for WindowsStandalone target not found
Refreshing native plugins compatible for Editor in 0.39 ms, found 0 plugins.
Preloading 0 native plugins for Editor in 0.00 ms.
Invoked RoslynAnalysisRunner static constructor.
RoslynAnalysisRunner will not be running.
RoslynAnalysisRunner has terminated.
Mono: successfully reloaded assembly
- Completed reload, in  1.986 seconds
Platform modules already initialized, skipping
Refreshing native plugins compatible for Editor in 0.39 ms, found 0 plugins.
Preloading 0 native plugins for Editor in 0.00 ms.
Unloading 1113 Unused Serialized files (Serialized files now loaded: 0)
System memory in use before: 72.9 MB.
System memory in use after: 73.0 MB.

Unloading 4 unused Assets to reduce memory usage. Loaded Objects now: 1626.
Total: 2.350900 ms (FindLiveObjects: 0.197000 ms CreateObjectMapping: 0.059900 ms MarkObjects: 2.071000 ms  DeleteObjects: 0.021200 ms)

========================================================================
Received Prepare
Registering precompiled user dll's ...
Registered in 0.001052 seconds.
Begin MonoManager ReloadAssembly
Native extension for WindowsStandalone target not found
Refreshing native plugins compatible for Editor in 0.33 ms, found 0 plugins.
Preloading 0 native plugins for Editor in 0.00 ms.
Invoked RoslynAnalysisRunner static constructor.
RoslynAnalysisRunner will not be running.
RoslynAnalysisRunner has terminated.
Mono: successfully reloaded assembly
- Completed reload, in  1.765 seconds
Platform modules already initialized, skipping
Refreshing native plugins compatible for Editor in 0.45 ms, found 0 plugins.
Preloading 0 native plugins for Editor in 0.00 ms.
Unloading 1113 Unused Serialized files (Serialized files now loaded: 0)
System memory in use before: 72.9 MB.
System memory in use after: 73.0 MB.

Unloading 4 unused Assets to reduce memory usage. Loaded Objects now: 1629.
Total: 4.156800 ms (FindLiveObjects: 0.264500 ms CreateObjectMapping: 0.086000 ms MarkObjects: 3.745000 ms  DeleteObjects: 0.056700 ms)

========================================================================
Received Prepare
Registering precompiled user dll's ...
Registered in 0.001251 seconds.
Begin MonoManager ReloadAssembly
Native extension for WindowsStandalone target not found
Refreshing native plugins compatible for Editor in 0.48 ms, found 0 plugins.
Preloading 0 native plugins for Editor in 0.00 ms.
Invoked RoslynAnalysisRunner static constructor.
RoslynAnalysisRunner will not be running.
RoslynAnalysisRunner has terminated.
Mono: successfully reloaded assembly
- Completed reload, in  1.589 seconds
Platform modules already initialized, skipping
Refreshing native plugins compatible for Editor in 0.27 ms, found 0 plugins.
Preloading 0 native plugins for Editor in 0.00 ms.
Unloading 1113 Unused Serialized files (Serialized files now loaded: 0)
System memory in use before: 72.9 MB.
System memory in use after: 73.0 MB.

Unloading 4 unused Assets to reduce memory usage. Loaded Objects now: 1632.
Total: 2.327700 ms (FindLiveObjects: 0.176100 ms CreateObjectMapping: 0.073700 ms MarkObjects: 2.055900 ms  DeleteObjects: 0.020400 ms)

========================================================================
Received Prepare
Registering precompiled user dll's ...
Registered in 0.001278 seconds.
Begin MonoManager ReloadAssembly
Native extension for WindowsStandalone target not found
Refreshing native plugins compatible for Editor in 0.28 ms, found 0 plugins.
Preloading 0 native plugins for Editor in 0.00 ms.
Invoked RoslynAnalysisRunner static constructor.
RoslynAnalysisRunner will not be running.
RoslynAnalysisRunner has terminated.
Mono: successfully reloaded assembly
- Completed reload, in  1.705 seconds
Platform modules already initialized, skipping
Refreshing native plugins compatible for Editor in 0.37 ms, found 0 plugins.
Preloading 0 native plugins for Editor in 0.00 ms.
Unloading 1113 Unused Serialized files (Serialized files now loaded: 0)
System memory in use before: 72.9 MB.
System memory in use after: 73.0 MB.

Unloading 4 unused Assets to reduce memory usage. Loaded Objects now: 1635.
Total: 2.221900 ms (FindLiveObjects: 0.217100 ms CreateObjectMapping: 0.051400 ms MarkObjects: 1.932200 ms  DeleteObjects: 0.019700 ms)

========================================================================
Received Prepare
Registering precompiled user dll's ...
Registered in 0.001706 seconds.
Begin MonoManager ReloadAssembly
Native extension for WindowsStandalone target not found
Refreshing native plugins compatible for Editor in 0.42 ms, found 0 plugins.
Preloading 0 native plugins for Editor in 0.00 ms.
Invoked RoslynAnalysisRunner static constructor.
RoslynAnalysisRunner will not be running.
RoslynAnalysisRunner has terminated.
Mono: successfully reloaded assembly
- Completed reload, in  2.066 seconds
Platform modules already initialized, skipping
Refreshing native plugins compatible for Editor in 0.28 ms, found 0 plugins.
Preloading 0 native plugins for Editor in 0.00 ms.
Unloading 1113 Unused Serialized files (Serialized files now loaded: 0)
System memory in use before: 72.9 MB.
System memory in use after: 73.0 MB.

Unloading 4 unused Assets to reduce memory usage. Loaded Objects now: 1638.
Total: 3.249500 ms (FindLiveObjects: 0.356900 ms CreateObjectMapping: 0.101600 ms MarkObjects: 2.753700 ms  DeleteObjects: 0.032200 ms)

========================================================================
Received Prepare
Registering precompiled user dll's ...
Registered in 0.001934 seconds.
Begin MonoManager ReloadAssembly
Native extension for WindowsStandalone target not found
Refreshing native plugins compatible for Editor in 0.36 ms, found 0 plugins.
Preloading 0 native plugins for Editor in 0.00 ms.
Invoked RoslynAnalysisRunner static constructor.
RoslynAnalysisRunner will not be running.
RoslynAnalysisRunner has terminated.
Mono: successfully reloaded assembly
- Completed reload, in  1.557 seconds
Platform modules already initialized, skipping
Refreshing native plugins compatible for Editor in 0.36 ms, found 0 plugins.
Preloading 0 native plugins for Editor in 0.00 ms.
Unloading 1113 Unused Serialized files (Serialized files now loaded: 0)
System memory in use before: 72.9 MB.
System memory in use after: 73.0 MB.

Unloading 4 unused Assets to reduce memory usage. Loaded Objects now: 1641.
Total: 3.898600 ms (FindLiveObjects: 0.674900 ms CreateObjectMapping: 0.176900 ms MarkObjects: 3.005500 ms  DeleteObjects: 0.034100 ms)

========================================================================
Received Prepare
Registering precompiled user dll's ...
Registered in 0.001527 seconds.
Begin MonoManager ReloadAssembly
Native extension for WindowsStandalone target not found
Refreshing native plugins compatible for Editor in 0.71 ms, found 0 plugins.
Preloading 0 native plugins for Editor in 0.00 ms.
Invoked RoslynAnalysisRunner static constructor.
RoslynAnalysisRunner will not be running.
RoslynAnalysisRunner has terminated.
Mono: successfully reloaded assembly
- Completed reload, in  2.199 seconds
Platform modules already initialized, skipping
Refreshing native plugins compatible for Editor in 0.83 ms, found 0 plugins.
Preloading 0 native plugins for Editor in 0.00 ms.
Unloading 1113 Unused Serialized files (Serialized files now loaded: 0)
System memory in use before: 73.0 MB.
System memory in use after: 73.0 MB.

Unloading 4 unused Assets to reduce memory usage. Loaded Objects now: 1644.
Total: 3.878400 ms (FindLiveObjects: 0.597000 ms CreateObjectMapping: 0.218600 ms MarkObjects: 3.024600 ms  DeleteObjects: 0.033800 ms)

========================================================================
Received Prepare
Registering precompiled user dll's ...
Registered in 0.001212 seconds.
Begin MonoManager ReloadAssembly
Native extension for WindowsStandalone target not found
Refreshing native plugins compatible for Editor in 0.28 ms, found 0 plugins.
Preloading 0 native plugins for Editor in 0.00 ms.
Invoked RoslynAnalysisRunner static constructor.
RoslynAnalysisRunner will not be running.
RoslynAnalysisRunner has terminated.
Mono: successfully reloaded assembly
- Completed reload, in  1.759 seconds
Platform modules already initialized, skipping
Refreshing native plugins compatible for Editor in 0.41 ms, found 0 plugins.
Preloading 0 native plugins for Editor in 0.00 ms.
Unloading 1113 Unused Serialized files (Serialized files now loaded: 0)
System memory in use before: 73.0 MB.
System memory in use after: 73.1 MB.

Unloading 4 unused Assets to reduce memory usage. Loaded Objects now: 1647.
Total: 5.248900 ms (FindLiveObjects: 0.619100 ms CreateObjectMapping: 0.185000 ms MarkObjects: 4.370300 ms  DeleteObjects: 0.071300 ms)

AssetImportWorkerClient::OnTransportError - code=2 error=End of file
